{"/Users/antonludchik/PROJECTS/to-do-app/client/src/components/Header.js": {"path":"/Users/antonludchik/PROJECTS/to-do-app/client/src/components/Header.js","statementMap":{"0":{"start":{"line":4,"column":2},"end":{"line":8,"column":4}}},"fnMap":{"0":{"name":"Header","decl":{"start":{"line":3,"column":9},"end":{"line":3,"column":15}},"loc":{"start":{"line":3,"column":18},"end":{"line":9,"column":1}},"line":3}},"branchMap":{},"s":{"0":0},"f":{"0":0},"b":{},"_coverageSchema":"1a1c01bbd47fc00a2c39e90264f33305004495a9","hash":"078aaadebb12b33d2198575bffbfba1f9824539a"}
}
